0 silly argv {
0 silly argv   _: [ 'exec' ],
0 silly argv   parallel: true,
0 silly argv   args: [],
0 silly argv   '--': [ 'rollup', '-c', '../../rollup.config.js' ],
0 silly argv   lernaVersion: '4.0.0',
0 silly argv   '$0': 'node_modules/.bin/lerna'
0 silly argv }
1 notice cli v4.0.0
2 verbose rootPath /home/hazen/banyan/texting
3 error JSONError: Unexpected token "s" (0x73) in JSON at position 711 while parsing near "...\"debug\",\n    \"print\"s\n  ],\n  \"author\": \"..." in packages/charset-fullwidth/package.json
3 error
3 error [0m [90m 29 |[39m     [32m"console"[39m[33m,[39m[0m
3 error [0m [90m 30 |[39m     [32m"debug"[39m[33m,[39m[0m
3 error [0m[31m[1m>[22m[39m[90m 31 |[39m     [32m"print"[39ms[0m
3 error [0m [90m    |[39m            [31m[1m^[22m[39m[0m
3 error [0m [90m 32 |[39m   ][33m,[39m[0m
3 error [0m [90m 33 |[39m   [32m"author"[39m[33m:[39m [32m"Hoyeung Wong"[39m[33m,[39m[0m
3 error [0m [90m 34 |[39m   [32m"license"[39m[33m:[39m [32m"MIT"[39m[33m,[39m[0m
3 error
3 error     at parseJson (/home/hazen/banyan/texting/node_modules/parse-json/index.js:29:21)
3 error     at parse (/home/hazen/banyan/texting/node_modules/load-json-file/index.js:15:9)
3 error     at module.exports (/home/hazen/banyan/texting/node_modules/load-json-file/index.js:18:47)
